Filename                      Regions    Missed Regions     Cover   Functions  Missed Functions  Executed       Lines      Missed Lines     Cover    Branches   Missed Branches     Cover
-----------------------------------------------------------------------------------------------------------------------------------------------------------------------------------------
cxb-cxx.h                         384               105    72.66%         104                41    60.58%         597               256    57.12%         182                78    57.14%
cxb.cpp                           303                99    67.33%          39                12    69.23%         387                95    75.45%         188                89    52.66%
-----------------------------------------------------------------------------------------------------------------------------------------------------------------------------------------
TOTAL                             687               204    70.31%         143                53    62.94%         984               351    64.33%         370               167    54.86%
