Filename                      Regions    Missed Regions     Cover   Functions  Missed Functions  Executed       Lines      Missed Lines     Cover    Branches   Missed Branches     Cover
-----------------------------------------------------------------------------------------------------------------------------------------------------------------------------------------
cxb.cpp                           308                65    78.90%          37                 4    89.19%         388                53    86.34%         198                68    65.66%
cxb.h                             133                45    66.17%          61                36    40.98%         358               228    36.31%          48                10    79.17%
-----------------------------------------------------------------------------------------------------------------------------------------------------------------------------------------
TOTAL                             441               110    75.06%          98                40    59.18%         746               281    62.33%         246                78    68.29%
