Start testing: Sep 07 23:51 UTC
----------------------------------------------------------
1/4 Testing: test_array
1/4 Test: test_array
Command: "/home/runner/work/cxb/cxb/build/coverage/test_array"
Directory: /home/runner/work/cxb/cxb/build/coverage
"test_array" start time: Sep 07 23:51 UTC
Output:
----------------------------------------------------------
Randomness seeded to: 3867072980
===============================================================================
All tests passed (441 assertions in 7 test cases)

<end of output>
Test time =   0.02 sec
----------------------------------------------------------
Test Passed.
"test_array" end time: Sep 07 23:51 UTC
"test_array" time elapsed: 00:00:00
----------------------------------------------------------

2/4 Testing: test_string
2/4 Test: test_string
Command: "/home/runner/work/cxb/cxb/build/coverage/test_string"
Directory: /home/runner/work/cxb/cxb/build/coverage
"test_string" start time: Sep 07 23:51 UTC
Output:
----------------------------------------------------------
Randomness seeded to: 3411463365
===============================================================================
All tests passed (172 assertions in 24 test cases)

<end of output>
Test time =   0.02 sec
----------------------------------------------------------
Test Passed.
"test_string" end time: Sep 07 23:51 UTC
"test_string" time elapsed: 00:00:00
----------------------------------------------------------

3/4 Testing: test_arena
3/4 Test: test_arena
Command: "/home/runner/work/cxb/cxb/build/coverage/test_arena"
Directory: /home/runner/work/cxb/cxb/build/coverage
"test_arena" start time: Sep 07 23:51 UTC
Output:
----------------------------------------------------------
Randomness seeded to: 778013826
===============================================================================
All tests passed (70 assertions in 8 test cases)

<end of output>
Test time =   0.02 sec
----------------------------------------------------------
Test Passed.
"test_arena" end time: Sep 07 23:51 UTC
"test_arena" time elapsed: 00:00:00
----------------------------------------------------------

4/4 Testing: test_hm
4/4 Test: test_hm
Command: "/home/runner/work/cxb/cxb/build/coverage/test_hm"
Directory: /home/runner/work/cxb/cxb/build/coverage
"test_hm" start time: Sep 07 23:51 UTC
Output:
----------------------------------------------------------
Randomness seeded to: 2266755281
===============================================================================
All tests passed (28 assertions in 4 test cases)

<end of output>
Test time =   0.02 sec
----------------------------------------------------------
Test Passed.
"test_hm" end time: Sep 07 23:51 UTC
"test_hm" time elapsed: 00:00:00
----------------------------------------------------------

End testing: Sep 07 23:51 UTC
