Start testing: Sep 08 00:45 UTC
----------------------------------------------------------
1/5 Testing: test_array
1/5 Test: test_array
Command: "/home/runner/work/cxb/cxb/build/coverage/test_array"
Directory: /home/runner/work/cxb/cxb/build/coverage
"test_array" start time: Sep 08 00:45 UTC
Output:
----------------------------------------------------------
Randomness seeded to: 2900993596
===============================================================================
All tests passed (441 assertions in 7 test cases)

<end of output>
Test time =   0.02 sec
----------------------------------------------------------
Test Passed.
"test_array" end time: Sep 08 00:45 UTC
"test_array" time elapsed: 00:00:00
----------------------------------------------------------

2/5 Testing: test_string
2/5 Test: test_string
Command: "/home/runner/work/cxb/cxb/build/coverage/test_string"
Directory: /home/runner/work/cxb/cxb/build/coverage
"test_string" start time: Sep 08 00:45 UTC
Output:
----------------------------------------------------------
Randomness seeded to: 3799829715
===============================================================================
All tests passed (199 assertions in 28 test cases)

<end of output>
Test time =   0.02 sec
----------------------------------------------------------
Test Passed.
"test_string" end time: Sep 08 00:45 UTC
"test_string" time elapsed: 00:00:00
----------------------------------------------------------

3/5 Testing: test_arena
3/5 Test: test_arena
Command: "/home/runner/work/cxb/cxb/build/coverage/test_arena"
Directory: /home/runner/work/cxb/cxb/build/coverage
"test_arena" start time: Sep 08 00:45 UTC
Output:
----------------------------------------------------------
Randomness seeded to: 2004725026
===============================================================================
All tests passed (70 assertions in 8 test cases)

<end of output>
Test time =   0.02 sec
----------------------------------------------------------
Test Passed.
"test_arena" end time: Sep 08 00:45 UTC
"test_arena" time elapsed: 00:00:00
----------------------------------------------------------

4/5 Testing: test_hm
4/5 Test: test_hm
Command: "/home/runner/work/cxb/cxb/build/coverage/test_hm"
Directory: /home/runner/work/cxb/cxb/build/coverage
"test_hm" start time: Sep 08 00:45 UTC
Output:
----------------------------------------------------------
Randomness seeded to: 4166760237
===============================================================================
All tests passed (28 assertions in 4 test cases)

<end of output>
Test time =   0.02 sec
----------------------------------------------------------
Test Passed.
"test_hm" end time: Sep 08 00:45 UTC
"test_hm" time elapsed: 00:00:00
----------------------------------------------------------

5/5 Testing: test_algos
5/5 Test: test_algos
Command: "/home/runner/work/cxb/cxb/build/coverage/test_algos"
Directory: /home/runner/work/cxb/cxb/build/coverage
"test_algos" start time: Sep 08 00:45 UTC
Output:
----------------------------------------------------------
Randomness seeded to: 3021293912
===============================================================================
All tests passed (14 assertions in 2 test cases)

<end of output>
Test time =   0.02 sec
----------------------------------------------------------
Test Passed.
"test_algos" end time: Sep 08 00:45 UTC
"test_algos" time elapsed: 00:00:00
----------------------------------------------------------

End testing: Sep 08 00:45 UTC
